{
  "RSpec": {
    "coverage": {
      "/Users/charlottemoore/turing/3module/projects/apicurious/spec/features/root_path_spec.rb": [
        1,
        null,
        1,
        1,
        null,
        1,
        null,
        1,
        1,
        null,
        null
      ],
      "/Users/charlottemoore/turing/3module/projects/apicurious/spec/rails_helper.rb": [
        null,
        null,
        null,
        null,
        1,
        1,
        null,
        1,
        1,
        1,
        1,
        1,
        null,
        null,
        null,
        null,
        null,
        null,
        null,
        null,
        null,
        null,
        null,
        null,
        null,
        null,
        null,
        null,
        null,
        null,
        null,
        1,
        null,
        1,
        null,
        1,
        null,
        null,
        null,
        null,
        1,
        null,
        null,
        null,
        null,
        null,
        null,
        null,
        null,
        null,
        null,
        null,
        null,
        null,
        null,
        1,
        null,
        null,
        1,
        null,
        null,
        null
      ],
      "/Users/charlottemoore/turing/3module/projects/apicurious/config/environment.rb": [
        null,
        1,
        null,
        null,
        1
      ],
      "/Users/charlottemoore/turing/3module/projects/apicurious/config/application.rb": [
        1,
        null,
        1,
        null,
        1,
        1,
        1,
        1,
        1,
        1,
        1,
        1,
        null,
        null,
        null,
        null,
        1,
        null,
        1,
        1,
        null,
        null,
        null,
        null,
        null
      ],
      "/Users/charlottemoore/turing/3module/projects/apicurious/config/boot.rb": [
        1,
        null,
        1
      ],
      "/Users/charlottemoore/turing/3module/projects/apicurious/config/environments/test.rb": [
        1,
        null,
        null,
        null,
        null,
        null,
        null,
        1,
        null,
        null,
        null,
        null,
        1,
        null,
        null,
        1,
        1,
        null,
        null,
        null,
        null,
        1,
        1,
        null,
        null,
        1,
        null,
        null,
        1,
        1,
        null,
        null,
        null,
        null,
        1,
        null,
        null,
        1,
        null,
        null,
        null,
        null
      ],
      "/Users/charlottemoore/turing/3module/projects/apicurious/config/initializers/application_controller_renderer.rb": [
        null,
        null,
        null,
        null,
        null,
        null
      ],
      "/Users/charlottemoore/turing/3module/projects/apicurious/config/initializers/assets.rb": [
        null,
        null,
        null,
        1,
        null,
        null,
        null,
        null,
        null,
        null,
        null
      ],
      "/Users/charlottemoore/turing/3module/projects/apicurious/config/initializers/backtrace_silencers.rb": [
        null,
        null,
        null,
        null,
        null,
        null,
        null
      ],
      "/Users/charlottemoore/turing/3module/projects/apicurious/config/initializers/cookies_serializer.rb": [
        null,
        null,
        null,
        null,
        1
      ],
      "/Users/charlottemoore/turing/3module/projects/apicurious/config/initializers/filter_parameter_logging.rb": [
        null,
        null,
        null,
        1
      ],
      "/Users/charlottemoore/turing/3module/projects/apicurious/config/initializers/inflections.rb": [
        null,
        null,
        null,
        null,
        null,
        null,
        null,
        null,
        null,
        null,
        null,
        null,
        null,
        null,
        null,
        null
      ],
      "/Users/charlottemoore/turing/3module/projects/apicurious/config/initializers/mime_types.rb": [
        null,
        null,
        null,
        null
      ],
      "/Users/charlottemoore/turing/3module/projects/apicurious/config/initializers/new_framework_defaults.rb": [
        null,
        null,
        null,
        null,
        null,
        null,
        null,
        1,
        null,
        null,
        1,
        null,
        null,
        null,
        1,
        null,
        null,
        1,
        null,
        null,
        1,
        null,
        null,
        1
      ],
      "/Users/charlottemoore/turing/3module/projects/apicurious/config/initializers/session_store.rb": [
        null,
        null,
        1
      ],
      "/Users/charlottemoore/turing/3module/projects/apicurious/config/initializers/wrap_parameters.rb": [
        null,
        null,
        null,
        null,
        null,
        null,
        1,
        2,
        null,
        null,
        null,
        null,
        null,
        null
      ],
      "/Users/charlottemoore/turing/3module/projects/apicurious/config/routes.rb": [
        1,
        null,
        1,
        1,
        1,
        null,
        1,
        null,
        1,
        null,
        null
      ],
      "/Users/charlottemoore/turing/3module/projects/apicurious/app/helpers/application_helper.rb": [
        1,
        null
      ],
      "/Users/charlottemoore/turing/3module/projects/apicurious/spec/features/subreddit_path_spec.rb": [
        1,
        null,
        1,
        1,
        1,
        1,
        null,
        1,
        null,
        1,
        null,
        1,
        null,
        1,
        null,
        null
      ],
      "/Users/charlottemoore/turing/3module/projects/apicurious/spec/models/subreddit_spec.rb": [
        1,
        null,
        1,
        1,
        1,
        null,
        null,
        null,
        null
      ],
      "/Users/charlottemoore/turing/3module/projects/apicurious/app/models/subreddit.rb": [
        1,
        null,
        1,
        null,
        1,
        null,
        1,
        1,
        1,
        null,
        null,
        1,
        1,
        null,
        null,
        1,
        1,
        null,
        null,
        1,
        1,
        null,
        null,
        null,
        null
      ],
      "/Users/charlottemoore/turing/3module/projects/apicurious/spec/models/user_spec.rb": [
        1,
        null,
        1,
        1,
        1,
        1,
        1,
        null,
        1,
        null,
        1,
        null,
        null,
        1,
        1,
        1,
        null,
        1,
        null,
        1,
        1,
        1,
        1,
        1,
        1,
        null,
        null,
        null
      ],
      "/Users/charlottemoore/turing/3module/projects/apicurious/app/models/user.rb": [
        1,
        null,
        1,
        1,
        1,
        1,
        1,
        1,
        1,
        1,
        null,
        null,
        1,
        3,
        3,
        3,
        null,
        null,
        1,
        2,
        null,
        null
      ],
      "/Users/charlottemoore/turing/3module/projects/apicurious/app/models/application_record.rb": [
        1,
        1,
        null
      ],
      "/Users/charlottemoore/turing/3module/projects/apicurious/spec/models/user_subreddit_spec.rb": [

      ],
      "/Users/charlottemoore/turing/3module/projects/apicurious/spec/services/reddit_service_spec.rb": [
        1,
        null,
        1,
        1,
        null,
        1,
        1,
        1,
        null,
        1,
        null,
        null,
        1,
        1,
        1,
        1,
        null,
        1,
        1,
        null,
        null,
        null
      ],
      "/Users/charlottemoore/turing/3module/projects/apicurious/app/services/reddit_service.rb": [
        1,
        null,
        1,
        5,
        null,
        null,
        null,
        1,
        3,
        null,
        null,
        null,
        null,
        null,
        1,
        1,
        null,
        null,
        1,
        1,
        null,
        null,
        1,
        null,
        1,
        5,
        null,
        null
      ],
      "/Users/charlottemoore/turing/3module/projects/apicurious/app/controllers/home_controller.rb": [
        1,
        1,
        null,
        null
      ],
      "/Users/charlottemoore/turing/3module/projects/apicurious/app/controllers/application_controller.rb": [
        1,
        1,
        null,
        1,
        null,
        1,
        0,
        null,
        null,
        1,
        2,
        0,
        null,
        null,
        null
      ],
      "/Users/charlottemoore/turing/3module/projects/apicurious/app/services/reddit_oauth.rb": [
        1,
        null,
        1,
        null,
        1,
        3,
        null,
        null,
        1,
        0,
        null,
        null,
        null,
        null,
        null,
        null,
        0,
        0,
        0,
        0,
        null,
        null,
        1,
        0,
        null,
        null,
        0,
        0,
        null,
        null,
        1,
        6,
        null,
        null,
        null,
        null,
        null,
        null,
        6,
        6,
        null,
        null
      ],
      "/Users/charlottemoore/turing/3module/projects/apicurious/app/controllers/dashboard_controller.rb": [
        1,
        null,
        1,
        null,
        1,
        null,
        null
      ],
      "/Users/charlottemoore/turing/3module/projects/apicurious/app/models/user_subreddits.rb": [
        1,
        null,
        1,
        null,
        1,
        null,
        null,
        1,
        50,
        50,
        null,
        null,
        1,
        2,
        2,
        50,
        null,
        null,
        null
      ],
      "/Users/charlottemoore/turing/3module/projects/apicurious/app/controllers/subreddit_controller.rb": [
        1,
        null,
        1,
        null,
        1,
        1,
        1,
        1,
        null,
        null
      ],
      "/Users/charlottemoore/turing/3module/projects/apicurious/app/models/subreddit_rule.rb": [
        1,
        null,
        1,
        null,
        1,
        10,
        null,
        null,
        1,
        1,
        1,
        10,
        null,
        null,
        null
      ],
      "/Users/charlottemoore/turing/3module/projects/apicurious/app/models/hot_post.rb": [
        1,
        null,
        1,
        null,
        null,
        null,
        1,
        26,
        26,
        26,
        26,
        null,
        null,
        1,
        1,
        1,
        26,
        26,
        null,
        null,
        null
      ]
    },
    "timestamp": 1490208055
  }
}
